<?xml version="1.0" ?>
<coverage branch-rate="0.4375" branches-covered="7" branches-valid="16" complexity="0" line-rate="0.7" lines-covered="42" lines-valid="60" timestamp="1661204640860" version="6.4.2">
	<!-- Generated by coverage.py: https://coverage.readthedocs.io -->
	<!-- Based on https://raw.githubusercontent.com/cobertura/web/master/htdocs/xml/coverage-04.dtd -->
	<sources>
		<source>/Users/matheus.santos.silva/Documents/Project_datalake/gitlab/featured-search/featured-search</source>
	</sources>
	<packages>
		<package branch-rate="0.25" complexity="0" line-rate="0.561" name=".">
			<classes>
				<class branch-rate="0.25" complexity="0" filename="validator.py" line-rate="0.561" name="validator.py">
					<methods/>
					<lines>
						<line hits="1" number="1"/>
						<line hits="1" number="2"/>
						<line hits="1" number="3"/>
						<line hits="1" number="4"/>
						<line hits="1" number="5"/>
						<line hits="1" number="6"/>
						<line hits="1" number="7"/>
						<line hits="1" number="10"/>
						<line hits="1" number="14"/>
						<line hits="1" number="16"/>
						<line hits="1" number="30"/>
						<line hits="1" number="33"/>
						<line hits="1" number="35"/>
						<line branch="true" condition-coverage="100% (2/2)" hits="1" number="37"/>
						<line hits="1" number="38"/>
						<line hits="1" number="39"/>
						<line hits="1" number="43"/>
						<line hits="0" number="45"/>
						<line branch="true" condition-coverage="0% (0/2)" hits="0" missing-branches="exit,48" number="47"/>
						<line hits="0" number="48"/>
						<line hits="0" number="50"/>
						<line branch="true" condition-coverage="0% (0/2)" hits="0" missing-branches="exit,53" number="52"/>
						<line branch="true" condition-coverage="0% (0/2)" hits="0" missing-branches="52,55" number="53"/>
						<line hits="0" number="55"/>
						<line hits="0" number="56"/>
						<line branch="true" condition-coverage="0% (0/2)" hits="0" missing-branches="52,59" number="58"/>
						<line hits="0" number="59"/>
						<line hits="0" number="61"/>
						<line hits="1" number="65"/>
						<line hits="1" number="67"/>
						<line hits="1" number="68"/>
						<line hits="1" number="69"/>
						<line hits="1" number="71"/>
						<line branch="true" condition-coverage="50% (1/2)" hits="1" missing-branches="76" number="74"/>
						<line hits="0" number="76"/>
						<line hits="0" number="77"/>
						<line hits="0" number="78"/>
						<line hits="0" number="82"/>
						<line hits="0" number="84"/>
						<line hits="0" number="86"/>
						<line hits="0" number="87"/>
					</lines>
				</class>
			</classes>
		</package>
		<package branch-rate="1" complexity="0" line-rate="1" name="validates">
			<classes>
				<class branch-rate="1" complexity="0" filename="validates/file_test.py" line-rate="1" name="file_test.py">
					<methods/>
					<lines>
						<line hits="1" number="2"/>
						<line hits="1" number="3"/>
						<line hits="1" number="5"/>
						<line hits="1" number="6"/>
						<line hits="1" number="8"/>
						<line hits="1" number="11"/>
						<line hits="1" number="12"/>
						<line hits="1" number="13"/>
						<line branch="true" condition-coverage="100% (2/2)" hits="1" number="14"/>
						<line hits="1" number="15"/>
						<line hits="1" number="18"/>
						<line hits="1" number="19"/>
						<line hits="1" number="20"/>
						<line branch="true" condition-coverage="100% (2/2)" hits="1" number="22"/>
						<line hits="1" number="23"/>
						<line hits="1" number="27"/>
						<line hits="1" number="28"/>
						<line hits="1" number="29"/>
						<line hits="1" number="31"/>
					</lines>
				</class>
			</classes>
		</package>
	</packages>
</coverage>
