<?xml version="1.0" encoding="utf-8"?><testsuites><testsuite errors="0" failures="0" hostname="WP070200" name="pytest" skipped="0" tests="6" time="4.215" timestamp="2022-08-24T23:38:39.894979"><testcase classname="tests.test_back_end.dataflow_mysql" name="test_file_path" time="1.303" /><testcase classname="tests.test_back_end.dataflow_mysql" name="test_rat_x_duration" time="0.842" /><testcase classname="tests.test_back_end.dataflow_mysql" name="test_time_conversion" time="0.863" /><testcase classname="tests.test_function.dataflow_mysql" name="test_columns_list" time="0.001" /><testcase classname="tests.test_function.dataflow_mysql" name="test_hours_to_minutes" time="0.001" /><testcase classname="tests.test_function.dataflow_mysql" name="test_rounding" time="0.002" /></testsuite></testsuites>